20:21:26 **** Build of configuration Debug for project TestPythonMatPlotLib ****
make all 
Building file: ../src/TestPythonMatPlotLib.cpp
Invoking: Cross G++ Compiler
g++ -O0 -g3 -Wall -c -fmessage-length=0 -MMD -MP -MF"src/TestPythonMatPlotLib.d" -MT"src/TestPythonMatPlotLib.o" -o "src/TestPythonMatPlotLib.o" "../src/TestPythonMatPlotLib.cpp"
In file included from /usr/include/boost/python/detail/prefix.hpp:13:0,
                 from /usr/include/boost/python/args.hpp:8,
                 from /usr/include/boost/python.hpp:11,
                 from ../src/TestPythonMatPlotLib.cpp:1:
/usr/include/boost/python/detail/wrap_python.hpp:50:23: fatal error: pyconfig.h: No such file or directory
compilation terminated.
src/subdir.mk:18: recipe for target 'src/TestPythonMatPlotLib.o' failed
make: *** [src/TestPythonMatPlotLib.o] Error 1

20:21:26 Build Finished (took 152ms)

